[    0.000000] Linux version 4.15.0-66-generic (buildd@lgw01-amd64-044) (gcc version 7.4.0 (Ubuntu 7.4.0-1ubuntu1~18.04.1)) #75-Ubuntu SMP Tue Oct 1 05:24:09 UTC 2019 (Ubuntu 4.15.0-66.75-generic 4.15.18)
[    0.000000] Command line: BOOT_IMAGE=/boot/vmlinuz-4.15.0-66-generic root=UUID=97d40779-9bee-4a51-9ad1-c56895f577ca ro console=tty1 console=ttyS0
[    0.000000] KERNEL supported cpus:
[    0.000000]   Intel GenuineIntel
[    0.000000]   AMD AuthenticAMD
[    0.000000]   Centaur CentaurHauls
<<<<<<< HEAD
[    0.000000] x86/fpu: Supporting XSAVE feature 0x001: 'x87 floating point registers'
=======
[    0.000000] x86/fpu: Supporting XSAVature 0x001: 'x87 floating point registers'
>>>>>>> master
[    0.000000] x86/fpu: Supporting XSAVE feature 0x002: 'SSE registers'
[    0.000000] x86/fpu: Supporting XSAVE feature 0x004: 'AVX registers'
[    0.000000] x86/fpu: xstate_offset[2]:  576, xstate_sizes[2]:  256
[    0.000000] x86/fpu: Enabled xstate features 0x7, context size is 832 bytes, using 'standard' format.
[    0.000000] e820: BIOS-provided physical RAM map:
[    0.000000] BIOS-e820: [mem 0x0000000000000000-0x000000000009fbff] usable
[    0.000000] BIOS-e820: [mem 0x000000000009fc00-0x000000000009ffff] reserved
[    0.000000] BIOS-e820: [mem 0x00000000000f0000-0x00000000000fffff] reserved
[    0.000000] BIOS-e820: [mem 0x0000000000100000-0x000000007ffeffff] usable
[    0.000000] BIOS-e820: [mem 0x000000007fff0000-0x000000007fffffff] ACPI data
[    0.000000] BIOS-e820: [mem 0x00000000fec00000-0x00000000fec00fff] reserved
[    0.000000] BIOS-e820: [mem 0x00000000fee00000-0x00000000fee00fff] reserved
[    0.000000] BIOS-e820: [mem 0x00000000fffc0000-0x00000000ffffffff] reserved
[    0.000000] NX (Execute Disable) protection: active
[    0.000000] SMBIOS 2.5 present.
[    0.000000] DMI: innotek GmbH VirtualBox/VirtualBox, BIOS VirtualBox 12/01/2006
[    0.000000] Hypervisor detected: KVM
[    0.000000] e820: last_pfn = 0x7fff0 max_arch_pfn = 0x400000000
[    0.000000] MTRR: Disabled
[    0.000000] x86/PAT: MTRRs disabled, skipping PAT initialization too.
[    0.000000] CPU MTRRs all blank - virtualized system.
[    0.000000] x86/PAT: Configuration [0-7]: WB  WT  UC- UC  WB  WT  UC- UC  
[    0.000000] found SMP MP-table at [mem 0x0009fff0-0x0009ffff]
[    0.000000] Scanning 1 areas for low memory corruption
[    0.000000] RAMDISK: [mem 0x35981000-0x36cb7fff]
[    0.000000] ACPI: Early table checksum verification disabled
[    0.000000] ACPI: RSDP 0x00000000000E0000 000024 (v02 VBOX  )
[    0.000000] ACPI: XSDT 0x000000007FFF0030 00003C (v01 VBOX   VBOXXSDT 00000001 ASL  00000061)
[    0.000000] ACPI: FACP 0x000000007FFF00F0 0000F4 (v04 VBOX   VBOXFACP 00000001 ASL  00000061)
[    0.000000] ACPI: DSDT 0x000000007FFF0470 0022EA (v02 VBOX   VBOXBIOS 00000002 INTL 20100528)
[    0.000000] ACPI: FACS 0x000000007FFF0200 000040
[    0.000000] ACPI: FACS 0x000000007FFF0200 000040
[    0.000000] ACPI: APIC 0x000000007FFF0240 000054 (v02 VBOX   VBOXAPIC 00000001 ASL  00000061)
[    0.000000] ACPI: SSDT 0x000000007FFF02A0 0001CC (v01 VBOX   VBOXCPUT 00000002 INTL 20100528)
[    0.000000] No NUMA configuration found
[    0.000000] Faking a node at [mem 0x0000000000000000-0x000000007ffeffff]
[    0.000000] NODE_DATA(0) allocated [mem 0x7ffc5000-0x7ffeffff]
[    0.000000] kvm-clock: cpu 0, msr 0:7ff44001, primary cpu clock
[    0.000000] kvm-clock: Using msrs 4b564d01 and 4b564d00
<<<<<<< HEAD
[    0.000000] kvm-clock: using sched offset of 3444231422 cycles
=======
[    0.000000] kvm-clock: using sched offset of 3422854929 cycles
>>>>>>> master
[    0.000000] clocksource: kvm-clock: mask: 0xffffffffffffffff max_cycles: 0x1cd42e4dffb, max_idle_ns: 881590591483 ns
[    0.000000] Zone ranges:
[    0.000000]   DMA      [mem 0x0000000000001000-0x0000000000ffffff]
[    0.000000]   DMA32    [mem 0x0000000001000000-0x000000007ffeffff]
[    0.000000]   Normal   empty
[    0.000000]   Device   empty
[    0.000000] Movable zone start for each node
[    0.000000] Early memory node ranges
[    0.000000]   node   0: [mem 0x0000000000001000-0x000000000009efff]
[    0.000000]   node   0: [mem 0x0000000000100000-0x000000007ffeffff]
[    0.000000] Reserved but unavailable: 98 pages
[    0.000000] Initmem setup node 0 [mem 0x0000000000001000-0x000000007ffeffff]
[    0.000000] ACPI: PM-Timer IO Port: 0x4008
[    0.000000] IOAPIC[0]: apic_id 1, version 32, address 0xfec00000, GSI 0-23
[    0.000000] ACPI: INT_SRC_OVR (bus 0 bus_irq 0 global_irq 2 dfl dfl)
[    0.000000] ACPI: INT_SRC_OVR (bus 0 bus_irq 9 global_irq 9 low level)
[    0.000000] Using ACPI (MADT) for SMP configuration information
[    0.000000] smpboot: Allowing 1 CPUs, 0 hotplug CPUs
[    0.000000] PM: Registered nosave memory: [mem 0x00000000-0x00000fff]
[    0.000000] PM: Registered nosave memory: [mem 0x0009f000-0x0009ffff]
[    0.000000] PM: Registered nosave memory: [mem 0x000a0000-0x000effff]
[    0.000000] PM: Registered nosave memory: [mem 0x000f0000-0x000fffff]
[    0.000000] e820: [mem 0x80000000-0xfebfffff] available for PCI devices
[    0.000000] Booting paravirtualized kernel on KVM
[    0.000000] clocksource: refined-jiffies: mask: 0xffffffff max_cycles: 0xffffffff, max_idle_ns: 7645519600211568 ns
[    0.000000] random: get_random_bytes called from start_kernel+0x99/0x4fd with crng_init=0
[    0.000000] setup_percpu: NR_CPUS:8192 nr_cpumask_bits:1 nr_cpu_ids:1 nr_node_ids:1
[    0.000000] percpu: Embedded 46 pages/cpu s151552 r8192 d28672 u2097152
[    0.000000] PV qspinlock hash table entries: 256 (order: 0, 4096 bytes)
[    0.000000] Built 1 zonelists, mobility grouping on.  Total pages: 515961
[    0.000000] Policy zone: DMA32
[    0.000000] Kernel command line: BOOT_IMAGE=/boot/vmlinuz-4.15.0-66-generic root=UUID=97d40779-9bee-4a51-9ad1-c56895f577ca ro console=tty1 console=ttyS0
[    0.000000] Memory: 2015280K/2096696K available (12300K kernel code, 2481K rwdata, 4260K rodata, 2436K init, 2388K bss, 81416K reserved, 0K cma-reserved)
[    0.000000] SLUB: HWalign=64, Order=0-3, MinObjects=0, CPUs=1, Nodes=1
[    0.000000] Kernel/User page tables isolation: enabled
[    0.000000] ftrace: allocating 39306 entries in 154 pages
[    0.004000] Hierarchical RCU implementation.
[    0.004000] 	RCU restricting CPUs from NR_CPUS=8192 to nr_cpu_ids=1.
[    0.004000] 	Tasks RCU enabled.
[    0.004000] RCU: Adjusting geometry for rcu_fanout_leaf=16, nr_cpu_ids=1
[    0.004000] NR_IRQS: 524544, nr_irqs: 256, preallocated irqs: 16
[    0.004000] Console: colour VGA+ 80x25
[    0.004000] console [tty1] enabled
[    0.004000] console [ttyS0] enabled
[    0.004000] ACPI: Core revision 20170831
[    0.004000] ACPI: 2 ACPI AML tables successfully acquired and loaded
[    0.004000] APIC: Switch to symmetric I/O mode setup
[    0.004000] x2apic enabled
[    0.004000] Switched APIC routing to physical x2apic.
[    0.004000] ..TIMER: vector=0x30 apic1=0 pin1=2 apic2=-1 pin2=-1
[    0.004003] tsc: Detected 2400.000 MHz processor
<<<<<<< HEAD
[    0.004748] Calibrating delay loop (skipped) preset value.. 4800.00 BogoMIPS (lpj=9600000)
[    0.005397] pid_max: default: 32768 minimum: 301
[    0.006190] Security Framework initialized
[    0.006878] Yama: becoming mindful.
[    0.008016] AppArmor: AppArmor initialized
[    0.009412] Dentry cache hash table entries: 262144 (order: 9, 2097152 bytes)
[    0.011093] Inode-cache hash table entries: 131072 (order: 8, 1048576 bytes)
[    0.012012] Mount-cache hash table entries: 4096 (order: 3, 32768 bytes)
[    0.013228] Mountpoint-cache hash table entries: 4096 (order: 3, 32768 bytes)
[    0.014673] process: using mwait in idle threads
[    0.015455] Last level iTLB entries: 4KB 64, 2MB 8, 4MB 8
[    0.016002] Last level dTLB entries: 4KB 64, 2MB 0, 4MB 0, 1GB 4
[    0.017041] Spectre V1 : Mitigation: usercopy/swapgs barriers and __user pointer sanitization
[    0.018361] Spectre V2 : Mitigation: Full generic retpoline
[    0.020001] Spectre V2 : Spectre v2 / SpectreRSB mitigation: Filling RSB on context switch
[    0.021422] Speculative Store Bypass: Vulnerable
[    0.022261] MDS: Mitigation: Clear CPU buffers
[    0.031101] Freeing SMP alternatives memory: 36K
[    0.141969] smpboot: CPU0: Intel(R) Core(TM) i5-9300H CPU @ 2.40GHz (family: 0x6, model: 0x9e, stepping: 0xa)
[    0.143640] Performance Events: unsupported p6 CPU model 158 no PMU driver, software events only.
[    0.144000] Hierarchical SRCU implementation.
[    0.144334] NMI watchdog: Perf event create on CPU 0 failed with -2
[    0.145319] NMI watchdog: Perf NMI watchdog permanently disabled
[    0.146298] smp: Bringing up secondary CPUs ...
[    0.147018] smp: Brought up 1 node, 1 CPU
[    0.147722] smpboot: Max logical packages: 1
[    0.148002] smpboot: Total of 1 processors activated (4800.00 BogoMIPS)
[    0.149155] devtmpfs: initialized
[    0.149770] x86/mm: Memory block size: 128MB
[    0.150799] evm: security.selinux
[    0.151384] evm: security.SMACK64
[    0.152002] evm: security.SMACK64EXEC
[    0.152631] evm: security.SMACK64TRANSMUTE
[    0.153292] evm: security.SMACK64MMAP
[    0.153993] evm: security.apparmor
[    0.154564] evm: security.ima
[    0.155070] evm: security.capability
[    0.155758] clocksource: jiffies: mask: 0xffffffff max_cycles: 0xffffffff, max_idle_ns: 7645041785100000 ns
[    0.156005] futex hash table entries: 256 (order: 2, 16384 bytes)
[    0.157070] pinctrl core: initialized pinctrl subsystem
[    0.157990] RTC time: 19:52:05, date: 10/28/19
[    0.160063] NET: Registered protocol family 16
[    0.160881] audit: initializing netlink subsys (disabled)
[    0.161829] cpuidle: using governor ladder
[    0.162516] cpuidle: using governor menu
[    0.163283] ACPI: bus type PCI registered
[    0.164002] acpiphp: ACPI Hot Plug PCI Controller Driver version: 0.5
[    0.165065] PCI: Using configuration type 1 for base access
[    0.165994] audit: type=2000 audit(1572292330.684:1): state=initialized audit_enabled=0 res=1
[    0.168449] HugeTLB registered 2.00 MiB page size, pre-allocated 0 pages
[    0.169596] ACPI: Added _OSI(Module Device)
[    0.170297] ACPI: Added _OSI(Processor Device)
[    0.171015] ACPI: Added _OSI(3.0 _SCP Extensions)
[    0.171785] ACPI: Added _OSI(Processor Aggregator Device)
[    0.172006] ACPI: Added _OSI(Linux-Dell-Video)
[    0.172720] ACPI: Added _OSI(Linux-Lenovo-NV-HDMI-Audio)
[    0.173608] ACPI: Added _OSI(Linux-HPI-Hybrid-Graphics)
[    0.174677] ACPI: Executed 1 blocks of module-level executable AML code
[    0.179578] ACPI: Interpreter enabled
[    0.180015] ACPI: (supports S0 S5)
[    0.180585] ACPI: Using IOAPIC for interrupt routing
[    0.181656] PCI: Using host bridge windows from ACPI; if necessary, use "pci=nocrs" and report a bug
[    0.183258] ACPI: Enabled 2 GPEs in block 00 to 07
[    0.190608] ACPI: PCI Root Bridge [PCI0] (domain 0000 [bus 00-ff])
[    0.192005] acpi PNP0A03:00: _OSC: OS supports [ASPM ClockPM Segments MSI]
[    0.193590] acpi PNP0A03:00: _OSC: not requesting OS control; OS requires [ExtendedConfig ASPM ClockPM MSI]
[    0.195173] acpi PNP0A03:00: fail to add MMCONFIG information, can't access extended PCI configuration space under this bridge.
[    0.196301] PCI host bridge to bus 0000:00
[    0.196959] pci_bus 0000:00: root bus resource [io  0x0000-0x0cf7 window]
[    0.198031] pci_bus 0000:00: root bus resource [io  0x0d00-0xffff window]
[    0.200002] pci_bus 0000:00: root bus resource [mem 0x000a0000-0x000bffff window]
[    0.201252] pci_bus 0000:00: root bus resource [mem 0x80000000-0xfdffffff window]
[    0.202417] pci_bus 0000:00: root bus resource [bus 00-ff]
[    0.205657] pci 0000:00:01.1: legacy IDE quirk: reg 0x10: [io  0x01f0-0x01f7]
[    0.206796] pci 0000:00:01.1: legacy IDE quirk: reg 0x14: [io  0x03f6]
[    0.207796] pci 0000:00:01.1: legacy IDE quirk: reg 0x18: [io  0x0170-0x0177]
[    0.208002] pci 0000:00:01.1: legacy IDE quirk: reg 0x1c: [io  0x0376]
[    0.227725] pci 0000:00:07.0: quirk: [io  0x4000-0x403f] claimed by PIIX4 ACPI
[    0.228014] pci 0000:00:07.0: quirk: [io  0x4100-0x410f] claimed by PIIX4 SMB
[    0.236634] ACPI: PCI Interrupt Link [LNKA] (IRQs 5 9 10 *11)
[    0.237993] ACPI: PCI Interrupt Link [LNKB] (IRQs 5 9 *10 11)
[    0.239059] ACPI: PCI Interrupt Link [LNKC] (IRQs 5 *9 10 11)
[    0.240108] ACPI: PCI Interrupt Link [LNKD] (IRQs 5 9 10 *11)
[    0.241240] SCSI subsystem initialized
[    0.241978] pci 0000:00:02.0: vgaarb: setting as boot VGA device
[    0.242937] pci 0000:00:02.0: vgaarb: VGA device added: decodes=io+mem,owns=io+mem,locks=none
[    0.244010] pci 0000:00:02.0: vgaarb: bridge control possible
[    0.244909] vgaarb: loaded
[    0.245407] ACPI: bus type USB registered
[    0.246082] usbcore: registered new interface driver usbfs
[    0.246929] usbcore: registered new interface driver hub
[    0.248010] usbcore: registered new device driver usb
[    0.248843] EDAC MC: Ver: 3.0.0
[    0.249599] PCI: Using ACPI for IRQ routing
[    0.250493] NetLabel: Initializing
[    0.251067] NetLabel:  domain hash size = 128
[    0.251858] NetLabel:  protocols = UNLABELED CIPSOv4 CALIPSO
[    0.252016] NetLabel:  unlabeled traffic allowed by default
[    0.252943] clocksource: Switched to clocksource kvm-clock
[    0.262602] VFS: Disk quotas dquot_6.6.0
[    0.263299] VFS: Dquot-cache hash table entries: 512 (order 0, 4096 bytes)
[    0.264459] AppArmor: AppArmor Filesystem Enabled
[    0.265245] pnp: PnP ACPI init
[    0.266706] pnp: PnP ACPI: found 3 devices
[    0.272683] clocksource: acpi_pm: mask: 0xffffff max_cycles: 0xffffff, max_idle_ns: 2085701024 ns
[    0.274171] NET: Registered protocol family 2
[    0.275069] TCP established hash table entries: 16384 (order: 5, 131072 bytes)
[    0.276272] TCP bind hash table entries: 16384 (order: 6, 262144 bytes)
[    0.277388] TCP: Hash tables configured (established 16384 bind 16384)
[    0.278532] UDP hash table entries: 1024 (order: 3, 32768 bytes)
[    0.279502] UDP-Lite hash table entries: 1024 (order: 3, 32768 bytes)
[    0.280620] NET: Registered protocol family 1
[    0.281392] pci 0000:00:00.0: Limiting direct PCI/PCI transfers
[    0.282350] pci 0000:00:01.0: Activating ISA DMA hang workarounds
[    0.283338] pci 0000:00:02.0: Video device with shadowed ROM at [mem 0x000c0000-0x000dffff]
[    0.284753] Unpacking initramfs...
[    0.507262] Freeing initrd memory: 19676K
[    0.508117] clocksource: tsc: mask: 0xffffffffffffffff max_cycles: 0x22983777dd9, max_idle_ns: 440795300422 ns
[    0.509706] platform rtc_cmos: registered platform RTC device (no PNP device found)
[    0.511013] Scanning for low memory corruption every 60 seconds
[    0.512018] Initialise system trusted keyrings
[    0.513171] Key type blacklist registered
[    0.513874] workingset: timestamp_bits=36 max_order=19 bucket_order=0
[    0.515778] zbud: loaded
[    0.516658] squashfs: version 4.0 (2009/01/31) Phillip Lougher
[    0.518317] fuse init (API version 7.26)
[    0.519566] Key type asymmetric registered
[    0.520335] Asymmetric key parser 'x509' registered
[    0.521211] Block layer SCSI generic (bsg) driver version 0.4 loaded (major 246)
[    0.522406] io scheduler noop registered
[    0.523067] io scheduler deadline registered
[    0.523834] io scheduler cfq registered (default)
[    0.524826] ACPI: AC Adapter [AC] (on-line)
[    0.525550] input: Power Button as /devices/LNXSYSTM:00/LNXPWRBN:00/input/input0
[    0.526754] ACPI: Power Button [PWRF]
[    0.527427] input: Sleep Button as /devices/LNXSYSTM:00/LNXSLPBN:00/input/input1
[    0.528786] ACPI: Sleep Button [SLPF]
[    0.530238] ACPI: Battery Slot [BAT0] (battery present)
[    0.531245] Serial: 8250/16550 driver, 32 ports, IRQ sharing enabled
[    0.553450] 00:02: ttyS0 at I/O 0x3f8 (irq = 4, base_baud = 115200) is a 16550A
[    0.555871] Linux agpgart interface v0.103
[    0.557332] loop: module loaded
[    0.558267] scsi host0: ata_piix
[    0.558862] scsi host1: ata_piix
[    0.559444] ata1: PATA max UDMA/33 cmd 0x1f0 ctl 0x3f6 bmdma 0xd000 irq 14
[    0.560600] ata2: PATA max UDMA/33 cmd 0x170 ctl 0x376 bmdma 0xd008 irq 15
[    0.562113] libphy: Fixed MDIO Bus: probed
[    0.562831] tun: Universal TUN/TAP device driver, 1.6
[    0.563651] PPP generic driver version 2.4.2
[    0.564389] ehci_hcd: USB 2.0 'Enhanced' Host Controller (EHCI) Driver
[    0.565376] ehci-pci: EHCI PCI platform driver
[    0.566115] ehci-platform: EHCI generic platform driver
[    0.566954] ohci_hcd: USB 1.1 'Open' Host Controller (OHCI) Driver
[    0.567917] ohci-pci: OHCI PCI platform driver
[    0.568665] ohci-platform: OHCI generic platform driver
[    0.569610] uhci_hcd: USB Universal Host Controller Interface driver
[    0.570629] i8042: PNP: PS/2 Controller [PNP0303:PS2K,PNP0f03:PS2M] at 0x60,0x64 irq 1,12
[    0.572329] serio: i8042 KBD port at 0x60,0x64 irq 1
[    0.573141] serio: i8042 AUX port at 0x60,0x64 irq 12
[    0.574005] mousedev: PS/2 mouse device common for all mice
[    0.575121] input: AT Translated Set 2 keyboard as /devices/platform/i8042/serio0/input/input2
[    0.576799] rtc_cmos rtc_cmos: rtc core: registered rtc_cmos as rtc0
[    0.577824] rtc_cmos rtc_cmos: alarms up to one day, 114 bytes nvram
[    0.578948] i2c /dev entries driver
[    0.579586] device-mapper: uevent: version 1.0.3
[    0.580435] device-mapper: ioctl: 4.37.0-ioctl (2017-09-20) initialised: dm-devel@redhat.com
[    0.581797] ledtrig-cpu: registered to indicate activity on CPUs
[    0.582858] intel_pmc_core:  initialized
[    0.583662] NET: Registered protocol family 10
[    0.586820] Segment Routing with IPv6
[    0.587446] NET: Registered protocol family 17
[    0.588178] Key type dns_resolver registered
[    0.588961] mce: Using 0 MCE banks
[    0.589546] RAS: Correctable Errors collector initialized.
[    0.590410] sched_clock: Marking stable (588892533, 0)->(749039091, -160146558)
[    0.591634] registered taskstats version 1
[    0.592368] Loading compiled-in X.509 certificates
[    0.594699] Loaded X.509 cert 'Build time autogenerated kernel key: 01a66adcc10ca4ce7676a3458c33483b0e2b806e'
[    0.596226] zswap: loaded using pool lzo/zbud
[    0.599102] Key type big_key registered
[    0.599850] Key type trusted registered
[    0.601641] Key type encrypted registered
[    0.602304] AppArmor: AppArmor sha1 policy hashing enabled
[    0.603173] ima: No TPM chip found, activating TPM-bypass! (rc=-19)
[    0.604131] ima: Allocated hash algorithm: sha1
[    0.604929] evm: HMAC attrs: 0x1
[    0.605672]   Magic number: 7:485:901
[    0.606287] clocksource clocksource0: hash matches
[    0.607031] acpi PNP0501:01: hash matches
[    0.607721] rtc_cmos rtc_cmos: setting system clock to 2019-10-28 19:52:06 UTC (1572292326)
[    0.609130] BIOS EDD facility v0.16 2004-Jun-25, 0 devices found
[    0.610109] EDD information not available.
[    0.721837] Freeing unused kernel image memory: 2436K
[    0.732110] Write protecting the kernel read-only data: 20480k
[    0.733412] Freeing unused kernel image memory: 2008K
[    0.734413] Freeing unused kernel image memory: 1884K
[    0.742589] x86/mm: Checked W+X mappings: passed, no W+X pages found.
[    0.743529] x86/mm: Checking user space page tables
[    0.751295] x86/mm: Checked W+X mappings: passed, no W+X pages found.
Loading, please wait...
starting version 237
[    0.829496] e1000: Intel(R) PRO/1000 Network Driver - version 7.3.21-k8-NAPI
[    0.830611] e1000: Copyright (c) 1999-2006 Intel Corporation.
[    0.833820] Fusion MPT base driver 3.04.20
[    0.834480] Copyright (c) 1999-2008 LSI Corporation
[    0.841912] Fusion MPT SPI Host driver 3.04.20
[    0.854698] AVX2 version of gcm_enc/dec engaged.
[    0.855462] AES CTR mode by8 optimization enabled
[    1.048742] input: ImExPS/2 Generic Explorer Mouse as /devices/platform/i8042/serio1/input/input4
[    1.216145] e1000 0000:00:03.0 eth0: (PCI:33MHz:32-bit) 02:ab:ce:93:e0:e3
[    1.217320] e1000 0000:00:03.0 eth0: Intel(R) PRO/1000 Network Connection
[    1.219780] e1000 0000:00:03.0 enp0s3: renamed from eth0
[    1.221609] mptbase: ioc0: Initiating bringup
[    1.316760] ioc0: LSI53C1030 A0: Capabilities={Initiator}
[    1.565613] scsi host2: ioc0: LSI53C1030 A0, FwRev=00000000h, Ports=1, MaxQ=256, IRQ=20
[    1.737021] scsi 2:0:0:0: Direct-Access     VBOX     HARDDISK         1.0  PQ: 0 ANSI: 5
[    1.743328] scsi target2:0:0: Beginning Domain Validation
[    1.752156] scsi target2:0:0: Domain Validation skipping write tests
[    1.755140] scsi target2:0:0: Ending Domain Validation
[    1.757677] scsi target2:0:0: asynchronous
[    1.760285] random: fast init done
[    1.761954] scsi 2:0:1:0: Direct-Access     VBOX     HARDDISK         1.0  PQ: 0 ANSI: 5
[    1.764239] scsi target2:0:1: Beginning Domain Validation
[    1.767629] scsi target2:0:1: Domain Validation skipping write tests
[    1.768792] scsi target2:0:1: Ending Domain Validation
[    1.769569] scsi target2:0:1: asynchronous
[    1.772867] random: systemd-udevd: uninitialized urandom read (16 bytes read)
[    1.773873] random: systemd-udevd: uninitialized urandom read (16 bytes read)
[    1.774867] random: systemd-udevd: uninitialized urandom read (16 bytes read)
[    1.776157] sd 2:0:0:0: [sda] 20971520 512-byte logical blocks: (10.7 GB/10.0 GiB)
[    1.777298] sd 2:0:0:0: [sda] Write Protect is off
[    1.778089] sd 2:0:0:0: [sda] Incomplete mode parameter data
[    1.778927] sd 2:0:0:0: [sda] Assuming drive cache: write through
[    1.780029] sd 2:0:0:0: Attached scsi generic sg0 type 0
[    1.781456] sd 2:0:1:0: [sdb] 20480 512-byte logical blocks: (10.5 MB/10.0 MiB)
[    1.782579] sd 2:0:1:0: [sdb] Write Protect is off
[    1.783923] sd 2:0:1:0: [sdb] Incomplete mode parameter data
[    1.784962] sd 2:0:1:0: [sdb] Assuming drive cache: write through
[    1.786296] sd 2:0:1:0: Attached scsi generic sg1 type 0
[    1.841236]  sda: sda1
[    1.843021] sd 2:0:0:0: [sda] Attached SCSI disk
[    1.843964] sd 2:0:1:0: [sdb] Attached SCSI disk
Begin: Loading essential drivers ... [    3.280044] raid6: sse2x1   gen() 13739 MB/s
[    3.328436] raid6: sse2x1   xor() 10034 MB/s
[    3.376055] raid6: sse2x2   gen() 17033 MB/s
[    3.424169] raid6: sse2x2   xor() 11424 MB/s
[    3.472276] raid6: sse2x4   gen() 19597 MB/s
[    3.520392] raid6: sse2x4   xor() 12008 MB/s
[    3.568065] raid6: avx2x1   gen() 27847 MB/s
[    3.616115] raid6: avx2x1   xor() 19174 MB/s
[    3.664228] raid6: avx2x2   gen() 34843 MB/s
[    3.712341] raid6: avx2x2   xor() 20997 MB/s
[    3.760457] raid6: avx2x4   gen() 38356 MB/s
[    3.808072] raid6: avx2x4   xor() 22500 MB/s
[    3.808802] raid6: using algorithm avx2x4 gen() 38356 MB/s
[    3.809668] raid6: .... xor() 22500 MB/s, rmw enabled
[    3.810471] raid6: using avx2x2 recovery algorithm
[    3.812538] xor: automatically using best checksumming function   avx       
[    3.814641] async_tx: api initialized (async)
done.
Begin: Running /scripts/init-premount ... done.
Begin: Mounting root file system ... Begin: Running /scripts/local-top ... done.
Begin: Running /scripts/local-premount ... [    3.856199] Btrfs loaded, crc32c=crc32c-intel
Scanning for Btrfs filesystems
done.
Warning: fsck not present, so skipping root file system
[    3.958030] EXT4-fs (sda1): INFO: recovery required on readonly filesystem
[    3.959086] EXT4-fs (sda1): write access will be enabled during recovery
[    4.095161] EXT4-fs (sda1): recovery complete
[    4.097592] EXT4-fs (sda1): mounted filesystem with ordered data mode. Opts: (null)
done.
Begin: Running /scripts/local-bottom ... done.
Begin: Running /scripts/init-bottom ... done.
[    4.267559] ip_tables: (C) 2000-2006 Netfilter Core Team
[    4.273785] systemd[1]: systemd 237 running in system mode. (+PAM +AUDIT +SELINUX +IMA +APPARMOR +SMACK +SYSVINIT +UTMP +LIBCRYPTSETUP +GCRYPT +GNUTLS +ACL +XZ +LZ4 +SECCOMP +BLKID +ELFUTILS +KMOD -IDN2 +IDN -PCRE2 default-hierarchy=hybrid)
[    4.277217] systemd[1]: Detected virtualization oracle.
[    4.278067] systemd[1]: Detected architecture x86-64.

Welcome to [1mUbuntu 18.04.3 LTS[0m!

[    4.293090] systemd[1]: Set hostname to <ktu-mgmf-ubuntu-server-1804>.
[    4.526340] systemd[1]: Set up automount Arbitrary Executable File Formats File System Automount Point.
[[0;32m  OK  [0m] Set up automount Arbitrary Executab…rmats File System Automount Point.
[    4.540345] systemd[1]: Started Forward Password Requests to Wall Directory Watch.
[[0;32m  OK  [0m] Started Forward Password Requests to Wall Directory Watch.
[    4.552571] systemd[1]: Created slice System Slice.
[[0;32m  OK  [0m] Created slice System Slice.
[    4.564343] systemd[1]: Listening on udev Kernel Socket.
[[0;32m  OK  [0m] Listening on udev Kernel Socket.
[    4.565772] systemd[1]: Listening on Journal Audit Socket.
[[0;32m  OK  [0m] Listening on Journal Audit Socket.
[    4.567211] systemd[1]: Listening on Journal Socket (/dev/log).
[[0;32m  OK  [0m] Listening on Journal Socket (/dev/log).
[[0;32m  OK  [0m] Created slice User and Session Slice.
[[0;32m  OK  [0m] Reached target System Time Synchronized.
[[0;32m  OK  [0m] Listening on udev Control Socket.
[[0;32m  OK  [0m] Listening on Network Service Netlink Socket.
[[0;32m  OK  [0m] Reached target User and Group Name Lookups.
[[0;32m  OK  [0m] Reached target Swap.
[[0;32m  OK  [0m] Listening on LVM2 metadata daemon socket.
[[0;32m  OK  [0m] Created slice system-serial\x2dgetty.slice.
[[0;32m  OK  [0m] Listening on Journal Socket.
         Mounting Huge Pages File System...
         Starting Load Kernel Modules...
         Mounting Kernel Debug File System...
[    4.676233] Loading iSCSI transport class v2.0-870.
         Starting udev Coldplug all Devices...
[    4.688367] iscsi: registered transport (tcp)
         Starting Set the console keyboard layout...
[[0;32m  OK  [0m] Reached target Slices.
[[0;32m  OK  [0m] Listening on Syslog Socket.
[[0;32m  OK  [0m] Listening on LVM2 poll daemon socket.
         Starting Remount Root and Kernel File Systems...
         Starting Create list of required st…ce nodes for the current kernel...
[    4.719325] iscsi: registered transport (iser)
[[0;32m  OK  [0m] Listening on /dev/initctl Compatibility Named Pipe.
[[0;32m  OK  [0m] Listening on Device-mapper event daemon FIFOs.
         Starting Monitoring of LVM2 mirrors…ng dmeventd or progress polling...
         Mounting POSIX Message Queue File System...
         Starting Journal Service...
[    4.751244] EXT4-fs (sda1): re-mounted. Opts: (null)
         Starting Uncomplicated firewall...
[[0;32m  OK  [0m] Mounted Huge Pages File System.
[[0;32m  OK  [0m] Started Load Kernel Modules.
[[0;32m  OK  [0m] Mounted Kernel Debug File System.
[[0;32m  OK  [0m] Started Remount Root and Kernel File Systems.
[[0;32m  OK  [0m] Started Create list of required sta…vice nodes for the current kernel.
[[0;32m  OK  [0m] Mounted POSIX Message Queue File System.
[[0;32m  OK  [0m] Started LVM2 metadata daemon.
         Starting Create Static Device Nodes in /dev...
         Starting Load/Save Random Seed...
         Starting Apply Kernel Variables...
         Mounting FUSE Control File System...
         Mounting Kernel Configuration File System...
[[0;32m  OK  [0m] Started Uncomplicated firewall.
[[0;32m  OK  [0m] Mounted FUSE Control File System.
[[0;32m  OK  [0m] Started Journal Service.
[[0;32m  OK  [0m] Started udev Coldplug all Devices.
[[0;32m  OK  [0m] Started Create Static Device Nodes in /dev.
[[0;32m  OK  [0m] Started Load/Save Random Seed.
[[0;32m  OK  [0m] Mounted Kernel Configuration File System.
         Starting udev Kernel Device Manager...
         Starting Flush Journal to Persistent Storage...
[    4.881399] random: crng init done
[    4.882096] random: 7 urandom warning(s) missed due to ratelimiting
[[0;32m  OK  [0m] Started Monitoring of LVM2 mirrors,…sing dmeventd or progress polling.
[    4.901542] systemd-journald[405]: Received request to flush runtime journal from PID 1
[[0;32m  OK  [0m] Started udev Kernel Device Manager.
[[0;32m  OK  [0m] Started Apply Kernel Variables.
=======
[    0.004770] Calibrating delay loop (skipped) preset value.. 4800.00 BogoMIPS (lpj=9600000)
[    0.005231] pid_max: default: 32768 minimum: 301
[    0.005955] Security Framework initialized
[    0.006695] Yama: becoming mindful.
[    0.008016] AppArmor: AppArmor initialized
[    0.009456] Dentry cache hash table entries: 262144 (order: 9, 2097152 bytes)
[    0.011174] Inode-cache hash table entries: 131072 (order: 8, 1048576 bytes)
[    0.012013] Mount-cache hash table entries: 4096 (order: 3, 32768 bytes)
[    0.013030] Mountpoint-cache hash table entries: 4096 (order: 3, 32768 bytes)
[    0.014386] process: using mwait in idle threads
[    0.015171] Last level iTLB entries: 4KB 64, 2MB 8, 4MB 8
[    0.016001] Last level dTLB entries: 4KB 64, 2MB 0, 4MB 0, 1GB 4
[    0.016883] Spectre V1 : Mitigation: usercopy/swapgs barriers and __user pointer sanitization
[    0.018168] Spectre V2 : Mitigation: Full generic retpoline
[    0.019058] Spectre V2 : Spectre v2 / SpectreRSB mitigation: Filling RSB on context switch
[    0.020001] Speculative Store Bypass: Vulnerable
[    0.020829] MDS: Mitigation: Clear CPU buffers
[    0.030048] Freeing SMP alternatives memory: 36K
[    0.140864] smpboot: CPU0: Intel(R) Core(TM) i5-9300H CPU @ 2.40GHz (family: 0x6, model: 0x9e, stepping: 0xa)
[    0.142464] Performance Events: unsupported p6 CPU model 158 no PMU driver, software events only.
[    0.143844] Hierarchical SRCU implementation.
[    0.144041] NMI watchdog: Perf event create on CPU 0 failed with -2
[    0.145065] NMI watchdog: Perf NMI watchdog permanently disabled
[    0.146037] smp: Bringing up secondary CPUs ...
[    0.146752] smp: Brought up 1 node, 1 CPU
[    0.147412] smpboot: Max logical packages: 1
[    0.148000] smpboot: Total of 1 processors activated (4800.00 BogoMIPS)
[    0.148101] devtmpfs: initialized
[    0.148710] x86/mm: Memory block size: 128MB
[    0.149592] evm: security.selinux
[    0.150171] evm: security.SMACK64
[    0.150747] evm: security.SMACK64EXEC
[    0.152002] evm: security.SMACK64TRANSMUTE
[    0.152650] evm: security.SMACK64MMAP
[    0.153308] evm: security.apparmor
[    0.153884] evm: security.ima
[    0.154373] evm: security.capability
[    0.155023] clocksource: jiffies: mask: 0xffffffff max_cycles: 0xffffffff, max_idle_ns: 7645041785100000 ns
[    0.156004] futex hash table entries: 256 (order: 2, 16384 bytes)
[    0.157043] pinctrl core: initialized pinctrl subsystem
[    0.157939] RTC time: 20:44:28, date: 10/28/19
[    0.158709] NET: Registered protocol family 16
[    0.160068] audit: initializing netlink subsys (disabled)
[    0.160990] cpuidle: using governor ladder
[    0.161661] cpuidle: using governor menu
[    0.162310] ACPI: bus type PCI registered
[    0.162947] acpiphp: ACPI Hot Plug PCI Controller Driver version: 0.5
[    0.164003] audit: type=2000 audit(1572295473.807:1): state=initialized audit_enabled=0 res=1
[    0.165333] PCI: Using configuration type 1 for base access
[    0.167133] HugeTLB registered 2.00 MiB page size, pre-allocated 0 pages
[    0.168123] ACPI: Added _OSI(Module Device)
[    0.168812] ACPI: Added _OSI(Processor Device)
[    0.169546] ACPI: Added _OSI(3.0 _SCP Extensions)
[    0.170284] ACPI: Added _OSI(Processor Aggregator Device)
[    0.171146] ACPI: Added _OSI(Linux-Dell-Video)
[    0.172006] ACPI: Added _OSI(Linux-Lenovo-NV-HDMI-Audio)
[    0.172814] ACPI: Added _OSI(Linux-HPI-Hybrid-Graphics)
[    0.173893] ACPI: Executed 1 blocks of module-level executable AML code
[    0.179089] ACPI: Interpreter enabled
[    0.179700] ACPI: (supports S0 S5)
[    0.180001] ACPI: Using IOAPIC for interrupt routing
[    0.180992] PCI: Using host bridge windows from ACPI; if necessary, use "pci=nocrs" and report a bug
[    0.182497] ACPI: Enabled 2 GPEs in block 00 to 07
[    0.189698] ACPI: PCI Root Bridge [PCI0] (domain 0000 [bus 00-ff])
[    0.190725] acpi PNP0A03:00: _OSC: OS supports [ASPM ClockPM Segments MSI]
[    0.192220] acpi PNP0A03:00: _OSC: not requesting OS control; OS requires [ExtendedConfig ASPM ClockPM MSI]
[    0.193707] acpi PNP0A03:00: fail to add MMCONFIG information, can't access extended PCI configuration space under this bridge.
[    0.195814] PCI host bridge to bus 0000:00
[    0.196002] pci_bus 0000:00: root bus resource [io  0x0000-0x0cf7 window]
[    0.197016] pci_bus 0000:00: root bus resource [io  0x0d00-0xffff window]
[    0.198057] pci_bus 0000:00: root bus resource [mem 0x000a0000-0x000bffff window]
[    0.199234] pci_bus 0000:00: root bus resource [mem 0x80000000-0xfdffffff window]
[    0.200002] pci_bus 0000:00: root bus resource [bus 00-ff]
[    0.202641] pci 0000:00:01.1: legacy IDE quirk: reg 0x10: [io  0x01f0-0x01f7]
[    0.204002] pci 0000:00:01.1: legacy IDE quirk: reg 0x14: [io  0x03f6]
[    0.205049] pci 0000:00:01.1: legacy IDE quirk: reg 0x18: [io  0x0170-0x0177]
[    0.206118] pci 0000:00:01.1: legacy IDE quirk: reg 0x1c: [io  0x0376]
[    0.225579] pci 0000:00:07.0: quirk: [io  0x4000-0x403f] claimed by PIIX4 ACPI
[    0.226774] pci 0000:00:07.0: quirk: [io  0x4100-0x410f] claimed by PIIX4 SMB
[    0.234092] ACPI: PCI Interrupt Link [LNKA] (IRQs 5 9 10 *11)
[    0.235342] ACPI: PCI Interrupt Link [LNKB] (IRQs 5 9 *10 11)
[    0.236113] ACPI: PCI Interrupt Link [LNKC] (IRQs 5 *9 10 11)
[    0.237616] ACPI: PCI Interrupt Link [LNKD] (IRQs 5 9 10 *11)
[    0.238742] SCSI subsystem initialized
[    0.239433] pci 0000:00:02.0: vgaarb: setting as boot VGA device
[    0.240000] pci 0000:00:02.0: vgaarb: VGA device added: decodes=io+mem,owns=io+mem,locks=none
[    0.240002] pci 0000:00:02.0: vgaarb: bridge control possible
[    0.240883] vgaarb: loaded
[    0.244017] ACPI: bus type USB registered
[    0.244953] usbcore: registered new interface driver usbfs
[    0.245809] usbcore: registered new interface driver hub
[    0.246694] usbcore: registered new device driver usb
[    0.247496] EDAC MC: Ver: 3.0.0
[    0.248220] PCI: Using ACPI for IRQ routing
[    0.249116] NetLabel: Initializing
[    0.249673] NetLabel:  domain hash size = 128
[    0.250368] NetLabel:  protocols = UNLABELED CIPSOv4 CALIPSO
[    0.251292] NetLabel:  unlabeled traffic allowed by default
[    0.252071] clocksource: Switched to clocksource kvm-clock
[    0.262229] VFS: Disk quotas dquot_6.6.0
[    0.262925] VFS: Dquot-cache hash table entries: 512 (order 0, 4096 bytes)
[    0.264125] AppArmor: AppArmor Filesystem Enabled
[    0.264889] pnp: PnP ACPI init
[    0.266414] pnp: PnP ACPI: found 3 devices
[    0.272415] clocksource: acpi_pm: mask: 0xffffff max_cycles: 0xffffff, max_idle_ns: 2085701024 ns
[    0.273857] NET: Registered protocol family 2
[    0.274716] TCP established hash table entries: 16384 (order: 5, 131072 bytes)
[    0.275813] TCP bind hash table entries: 16384 (order: 6, 262144 bytes)
[    0.276856] TCP: Hash tables configured (established 16384 bind 16384)
[    0.277926] UDP hash table entries: 1024 (order: 3, 32768 bytes)
[    0.278934] UDP-Lite hash table entries: 1024 (order: 3, 32768 bytes)
[    0.280022] NET: Registered protocol family 1
[    0.280744] pci 0000:00:00.0: Limiting direct PCI/PCI transfers
[    0.281630] pci 0000:00:01.0: Activating ISA DMA hang workarounds
[    0.282614] pci 0000:00:02.0: Video device with shadowed ROM at [mem 0x000c0000-0x000dffff]
[    0.284017] Unpacking initramfs...
[    0.537712] Freeing initrd memory: 19676K
[    0.538478] clocksource: tsc: mask: 0xffffffffffffffff max_cycles: 0x22983777dd9, max_idle_ns: 440795300422 ns
[    0.539971] platform rtc_cmos: registered platform RTC device (no PNP device found)
[    0.541168] Scanning for low memory corruption every 60 seconds
[    0.542453] Initialise system trusted keyrings
[    0.543167] Key type blacklist registered
[    0.543946] workingset: timestamp_bits=36 max_order=19 bucket_order=0
[    0.545947] zbud: loaded
[    0.546790] squashfs: version 4.0 (2009/01/31) Phillip Lougher
[    0.550029] fuse init (API version 7.26)
[    0.551213] Key type asymmetric registered
[    0.551878] Asymmetric key parser 'x509' registered
[    0.552664] Block layer SCSI generic (bsg) driver version 0.4 loaded (major 246)
[    0.553888] io scheduler noop registered
[    0.554597] io scheduler deadline registered
[    0.555375] io scheduler cfq registered (default)
[    0.556328] ACPI: AC Adapter [AC] (on-line)
[    0.557031] input: Power Button as /devices/LNXSYSTM:00/LNXPWRBN:00/input/input0
[    0.558189] ACPI: Power Button [PWRF]
[    0.558821] input: Sleep Button as /devices/LNXSYSTM:00/LNXSLPBN:00/input/input1
[    0.559970] ACPI: Sleep Button [SLPF]
[    0.561469] ACPI: Battery Slot [BAT0] (battery present)
[    0.562391] Serial: 8250/16550 driver, 32 ports, IRQ sharing enabled
[    0.583938] 00:02: ttyS0 at I/O 0x3f8 (irq = 4, base_baud = 115200) is a 16550A
[    0.586219] Linux agpgart interface v0.103
[    0.587647] loop: module loaded
[    0.588558] scsi host0: ata_piix
[    0.589137] scsi host1: ata_piix
[    0.589759] ata1: PATA max UDMA/33 cmd 0x1f0 ctl 0x3f6 bmdma 0xd000 irq 14
[    0.590821] ata2: PATA max UDMA/33 cmd 0x170 ctl 0x376 bmdma 0xd008 irq 15
[    0.592329] libphy: Fixed MDIO Bus: probed
[    0.592975] tun: Universal TUN/TAP device driver, 1.6
[    0.593766] PPP generic driver version 2.4.2
[    0.594570] ehci_hcd: USB 2.0 'Enhanced' Host Controller (EHCI) Driver
[    0.595549] ehci-pci: EHCI PCI platform driver
[    0.596284] ehci-platform: EHCI generic platform driver
[    0.597144] ohci_hcd: USB 1.1 'Open' Host Controller (OHCI) Driver
[    0.598145] ohci-pci: OHCI PCI platform driver
[    0.598829] ohci-platform: OHCI generic platform driver
[    0.599710] uhci_hcd: USB Universal Host Controller Interface driver
[    0.600730] i8042: PNP: PS/2 Controller [PNP0303:PS2K,PNP0f03:PS2M] at 0x60,0x64 irq 1,12
[    0.602365] serio: i8042 KBD port at 0x60,0x64 irq 1
[    0.603171] serio: i8042 AUX port at 0x60,0x64 irq 12
[    0.604005] mousedev: PS/2 mouse device common for all mice
[    0.605092] input: AT Translated Set 2 keyboard as /devices/platform/i8042/serio0/input/input2
[    0.606675] rtc_cmos rtc_cmos: rtc core: registered rtc_cmos as rtc0
[    0.607665] rtc_cmos rtc_cmos: alarms up to one day, 114 bytes nvram
[    0.608656] i2c /dev entries driver
[    0.609253] device-mapper: uevent: version 1.0.3
[    0.610061] device-mapper: ioctl: 4.37.0-ioctl (2017-09-20) initialised: dm-devel@redhat.com
[    0.611463] ledtrig-cpu: registered to indicate activity on CPUs
[    0.612459] intel_pmc_core:  initialized
[    0.613241] NET: Registered protocol family 10
[    0.616438] Segment Routing with IPv6
[    0.617044] NET: Registered protocol family 17
[    0.617787] Key type dns_resolver registered
[    0.618511] mce: Using 0 MCE banks
[    0.619074] RAS: Correctable Errors collector initialized.
[    0.620036] sched_clock: Marking stable (616260790, 0)->(846851933, -230591143)
[    0.621276] registered taskstats version 1
[    0.621951] Loading compiled-in X.509 certificates
[    0.624242] Loaded X.509 cert 'Build time autogenerated kernel key: 01a66adcc10ca4ce7676a3458c33483b0e2b806e'
[    0.625766] zswap: loaded using pool lzo/zbud
[    0.628747] Key type big_key registered
[    0.629381] Key type trusted registered
[    0.631086] Key type encrypted registered
[    0.631714] AppArmor: AppArmor sha1 policy hashing enabled
[    0.632607] ima: No TPM chip found, activating TPM-bypass! (rc=-19)
[    0.633539] ima: Allocated hash algorithm: sha1
[    0.634286] evm: HMAC attrs: 0x1
[    0.635038]   Magic number: 7:935:751
[    0.635658] misc uinput: hash matches
[    0.636275] ata_link link2: hash matches
[    0.636984]  link2: hash matches
[    0.637556] tty ttyS2: hash matches
[    0.638196] rtc_cmos rtc_cmos: setting system clock to 2019-10-28 20:44:29 UTC (1572295469)
[    0.639487] BIOS EDD facility v0.16 2004-Jun-25, 0 devices found
[    0.640429] EDD information not available.
[    0.756553] Freeing unused kernel image memory: 2436K
[    0.764197] Write protecting the kernel read-only data: 20480k
[    0.765350] Freeing unused kernel image memory: 2008K
[    0.766235] Freeing unused kernel image memory: 1884K
[    0.773833] x86/mm: Checked W+X mappings: passed, no W+X pages found.
[    0.774756] x86/mm: Checking user space page tables
[    0.782823] x86/mm: Checked W+X mappings: passed, no W+X pages found.
Loading, please wait...
starting version 237
[    0.864588] e1000: Intel(R) PRO/1000 Network Driver - version 7.3.21-k8-NAPI
[    0.865669] e1000: Copyright (c) 1999-2006 Intel Corporation.
[    0.869056] Fusion MPT base driver 3.04.20
[    0.869724] Copyright (c) 1999-2008 LSI Corporation
[    0.878091] Fusion MPT SPI Host driver 3.04.20
[    0.889904] AVX2 version of gcm_enc/dec engaged.
[    0.890717] AES CTR mode by8 optimization enabled
[    1.080947] input: ImExPS/2 Generic Explorer Mouse as /devices/platform/i8042/serio1/input/input4
[    1.263033] e1000 0000:00:03.0 eth0: (PCI:33MHz:32-bit) 02:ab:ce:93:e0:e3
[    1.265223] e1000 0000:00:03.0 eth0: Intel(R) PRO/1000 Network Connection
[    1.269472] e1000 0000:00:03.0 enp0s3: renamed from eth0
[    1.272437] mptbase: ioc0: Initiating bringup
[    1.369112] ioc0: LSI53C1030 A0: Capabilities={Initiator}
[    1.618640] scsi host2: ioc0: LSI53C1030 A0, FwRev=00000000h, Ports=1, MaxQ=256, IRQ=20
[    1.792898] scsi 2:0:0:0: Direct-Access     VBOX     HARDDISK         1.0  PQ: 0 ANSI: 5
[    1.799790] scsi target2:0:0: Beginning Domain Validation
[    1.808272] scsi target2:0:0: Domain Validation skipping write tests
[    1.811170] scsi target2:0:0: Ending Domain Validation
[    1.813693] scsi target2:0:0: asynchronous
[    1.815947] random: fast init done
[    1.817742] scsi 2:0:1:0: Direct-Access     VBOX     HARDDISK         1.0  PQ: 0 ANSI: 5
[    1.820205] scsi target2:0:1: Beginning Domain Validation
[    1.840831] scsi target2:0:1: Domain Validation skipping write tests
[    1.841858] scsi target2:0:1: Ending Domain Validation
[    1.842655] scsi target2:0:1: asynchronous
[    1.845954] random: systemd-udevd: uninitialized urandom read (16 bytes read)
[    1.846960] random: systemd-udevd: uninitialized urandom read (16 bytes read)
[    1.847968] random: systemd-udevd: uninitialized urandom read (16 bytes read)
[    1.849182] sd 2:0:0:0: [sda] 20971520 512-byte logical blocks: (10.7 GB/10.0 GiB)
[    1.850324] sd 2:0:0:0: [sda] Write Protect is off
[    1.851097] sd 2:0:0:0: [sda] Incomplete mode parameter data
[    1.851889] sd 2:0:0:0: [sda] Assuming drive cache: write through
[    1.852920] sd 2:0:0:0: Attached scsi generic sg0 type 0
[    1.853985] sd 2:0:1:0: [sdb] 20480 512-byte logical blocks: (10.5 MB/10.0 MiB)
[    1.855701] sd 2:0:1:0: [sdb] Write Protect is off
[    1.856844] sd 2:0:1:0: [sdb] Incomplete mode parameter data
[    1.857722] sd 2:0:1:0: [sdb] Assuming drive cache: write through
[    1.858959] sd 2:0:1:0: Attached scsi generic sg1 type 0
[    1.942425]  sda: sda1
[    1.944291] sd 2:0:0:0: [sda] Attached SCSI disk
[    1.946083] sd 2:0:1:0: [sdb] Attached SCSI disk
Begin: Loading essential drivers ... [    3.380337] raid6: sse2x1   gen() 13748 MB/s
[    3.428444] raid6: sse2x1   xor() 10185 MB/s
[    3.476065] raid6: sse2x2   gen() 17175 MB/s
[    3.524175] raid6: sse2x2   xor() 11667 MB/s
[    3.572288] raid6: sse2x4   gen() 20008 MB/s
[    3.620401] raid6: sse2x4   xor() 12134 MB/s
[    3.668515] raid6: avx2x1   gen() 27667 MB/s
[    3.716124] raid6: avx2x1   xor() 19136 MB/s
[    3.764233] raid6: avx2x2   gen() 33380 MB/s
[    3.812349] raid6: avx2x2   xor() 20947 MB/s
[    3.860463] raid6: avx2x4   gen() 38166 MB/s
[    3.908076] raid6: avx2x4   xor() 23176 MB/s
[    3.908763] raid6: using algorithm avx2x4 gen() 38166 MB/s
[    3.909655] raid6: .... xor() 23176 MB/s, rmw enabled
[    3.910452] raid6: using avx2x2 recovery algorithm
[    3.912590] xor: automatically using best checksumming function   avx       
[    3.914706] async_tx: api initialized (async)
done.
Begin: Running /scripts/init-premount ... done.
Begin: Mounting root file system ... Begin: Running /scripts/local-top ... done.
Begin: Running /scripts/local-premount ... [    3.956239] Btrfs loaded, crc32c=crc32c-intel
Scanning for Btrfs filesystems
done.
Warning: fsck not present, so skipping root file system
[    4.061047] EXT4-fs (sda1): INFO: recovery required on readonly filesystem
[    4.062094] EXT4-fs (sda1): write access will be enabled during recovery
[    4.086565] EXT4-fs (sda1): recovery complete
[    4.088097] EXT4-fs (sda1): mounted filesystem with ordered data mode. Opts: (null)
done.
Begin: Running /scripts/local-bottom ... done.
Begin: Running /scripts/init-bottom ... done.
[    4.249761] ip_tables: (C) 2000-2006 Netfilter Core Team
[    4.257228] systemd[1]: systemd 237 running in system mode. (+PAM +AUDIT +SELINUX +IMA +APPARMOR +SMACK +SYSVINIT +UTMP +LIBCRYPTSETUP +GCRYPT +GNUTLS +ACL +XZ +LZ4 +SECCOMP +BLKID +ELFUTILS +KMOD -IDN2 +IDN -PCRE2 default-hierarchy=hybrid)
[    4.260830] systemd[1]: Detected virtualization oracle.
[    4.261713] systemd[1]: Detected architecture x86-64.

Welcome to [1mUbuntu 18.04.3 LTS[0m!

[    4.277594] systemd[1]: Set hostname to <ktu-mgmf-ubuntu-server-1804>.
[    4.520892] systemd[1]: Reached target System Time Synchronized.
[[0;32m  OK  [0m] Reached target System Time Synchronized.
[    4.532585] systemd[1]: Created slice System Slice.
[[0;32m  OK  [0m] Created slice System Slice.
[    4.544311] systemd[1]: Listening on udev Kernel Socket.
[[0;32m  OK  [0m] Listening on udev Kernel Socket.
[    4.556802] systemd[1]: Created slice system-serial\x2dgetty.slice.
[[0;32m  OK  [0m] Created slice system-serial\x2dgetty.slice.
[    4.568321] systemd[1]: Listening on Syslog Socket.
[[0;32m  OK  [0m] Listening on Syslog Socket.
[    4.569774] systemd[1]: Listening on Journal Socket (/dev/log).
[[0;32m  OK  [0m] Listening on Journal Socket (/dev/log).
[[0;32m  OK  [0m] Listening on LVM2 metadata daemon socket.
[[0;32m  OK  [0m] Listening on Journal Audit Socket.
[[0;32m  OK  [0m] Reached target Swap.
[[0;32m  OK  [0m] Created slice User and Session Slice.
[[0;32m  OK  [0m] Listening on /dev/initctl Compatibility Named Pipe.
[[0;32m  OK  [0m] Set up automount Arbitrary Executab…rmats File System Automount Point.
[[0;32m  OK  [0m] Listening on Device-mapper event daemon FIFOs.
[[0;32m  OK  [0m] Listening on Journal Socket.
         Starting Remount Root and Kernel File Systems...
         Starting Uncomplicated firewall...
[    4.612407] EXT4-fs (sda1): re-mounted. Opts: (null)
         Starting Load Kernel Modules...
         Mounting POSIX Message Queue File System...
[    4.640610] Loading iSCSI transport class v2.0-870.
         Starting Monitoring of LVM2 mirrors…ng dmeventd or progress polling...
[    4.648230] iscsi: registered transport (tcp)
         Mounting Kernel Debug File System...
[    4.664924] iscsi: registered transport (iser)
         Starting Set the console keyboard layout...
         Starting Create list of required st…ce nodes for the current kernel...
[[0;32m  OK  [0m] Listening on udev Control Socket.
         Starting udev Coldplug all Devices...
[[0;32m  OK  [0m] Reached target Slices.
         Starting Journal Service...
[[0;32m  OK  [0m] Reached target User and Group Name Lookups.
[[0;32m  OK  [0m] Listening on LVM2 poll daemon socket.
[[0;32m  OK  [0m] Listening on Network Service Netlink Socket.
[[0;32m  OK  [0m] Started Forward Password Requests to Wall Directory Watch.
         Mounting Huge Pages File System...
[[0;32m  OK  [0m] Started Remount Root and Kernel File Systems.
[[0;32m  OK  [0m] Started Journal Service.
[[0;32m  OK  [0m] Started Uncomplicated firewall.
[[0;32m  OK  [0m] Started Load Kernel Modules.
[[0;32m  OK  [0m] Mounted POSIX Message Queue File System.
[[0;32m  OK  [0m] Mounted Kernel Debug File System.
[[0;32m  OK  [0m] Started Create list of required sta…vice nodes for the current kernel.
[[0;32m  OK  [0m] Mounted Huge Pages File System.
[[0;32m  OK  [0m] Started LVM2 metadata daemon.
         Starting Create Static Device Nodes in /dev...
         Mounting FUSE Control File System...
         Starting Apply Kernel Variables...
         Mounting Kernel Configuration File System...
         Starting Load/Save Random Seed...
         Starting Flush Journal to Persistent Storage...
[[0;32m  OK  [0m] Started udev Coldplug all Devices.
[[0;32m  OK  [0m] Started Create Static Device Nodes in /dev.
[[0;32m  OK  [0m] Started Monitoring of LVM2 mirrors,…sing dmeventd or progress polling.
[[0;32m  OK  [0m] Mounted FUSE Control File System.
[[0;32m  OK  [0m] Mounted Kernel Configuration File System.
[[0;32m  OK  [0m] Started Load/Save Random Seed.
[[0;32m  OK  [0m] Started Apply Kernel Variables.
         Starting udev Kernel Device Manager...
[[0;32m  OK  [0m] Started udev Kernel Device Manager.
>>>>>>> master
[[0;32m  OK  [0m] Started Flush Journal to Persistent Storage.
[[0;32m  OK  [0m] Found device /dev/ttyS0.
[[0;32m  OK  [0m] Listening on Load/Save RF Kill Switch Status /dev/rfkill Watch.
[[0;32m  OK  [0m] Started Set the console keyboard layout.
<<<<<<< HEAD
[[0;32m  OK  [0m] Reached target Local File Systems (Pre).
[[0;32m  OK  [0m] Reached target Local File Systems.
         Starting ebtables ruleset management...
         Starting Enable support for additional executable binary formats...
         Starting Create Volatile Files and Directories...
         Starting Tell Plymouth To Write Out Runtime Data...
         Starting Set console font and keymap...
         Starting AppArmor initialization...
[[0;32m  OK  [0m] Started Dispatch Password Requests to Console Directory Watch.
[[0;32m  OK  [0m] Reached target Local Encrypted Volumes.
         Mounting Arbitrary Executable File Formats File System...
[[0;32m  OK  [0m] Started Create Volatile Files and Directories.
         Starting Update UTMP about System Boot/Shutdown...
[[0;32m  OK  [0m] Started Set console font and keymap.
[[0;32m  OK  [0m] Mounted Arbitrary Executable File Formats File System.
[[0;32m  OK  [0m] Started Tell Plymouth To Write Out Runtime Data.
[[0;32m  OK  [0m] Started Enable support for additional executable binary formats.
[[0;32m  OK  [0m] Started Update UTMP about System Boot/Shutdown.
[[0;32m  OK  [0m] Started ebtables ruleset management.
[[0;32m  OK  [0m] Started AppArmor initialization.
         Starting Initial cloud-init job (pre-networking)...
[    7.650404] cloud-init[627]: Cloud-init v. 19.2-24-ge7881d5c-0ubuntu1~18.04.1 running 'init-local' at Mon, 28 Oct 2019 19:52:13 +0000. Up 7.45 seconds.
=======
[[0;32m  OK  [0m] Started Dispatch Password Requests to Console Directory Watch.
[[0;32m  OK  [0m] Reached target Local Encrypted Volumes.
[[0;32m  OK  [0m] Reached target Local File Systems (Pre).
[[0;32m  OK  [0m] Reached target Local File Systems.
         Starting Create Volatile Files and Directories...
         Starting Tell Plymouth To Write Out Runtime Data...
         Starting AppArmor initialization...
         Starting Set console font and keymap...
         Starting ebtables ruleset management...
         Starting Enable support for additional executable binary formats...
[[0;32m  OK  [0m] Started Create Volatile Files and Directories.
[[0;32m  OK  [0m] Started Set console font and keymap.
         Starting Update UTMP about System Boot/Shutdown...
[[0;32m  OK  [0m] Started Tell Plymouth To Write Out Runtime Data.
         Mounting Arbitrary Executable File Formats File System...
[[0;32m  OK  [0m] Started Update UTMP about System Boot/Shutdown.
[[0;32m  OK  [0m] Mounted Arbitrary Executable File Formats File System.
[[0;32m  OK  [0m] Started Enable support for additional executable binary formats.
[[0;32m  OK  [0m] Started ebtables ruleset management.
[[0;32m  OK  [0m] Started AppArmor initialization.
         Starting Initial cloud-init job (pre-networking)...
[    7.785043] cloud-init[632]: Cloud-init v. 19.2-24-ge7881d5c-0ubuntu1~18.04.1 running 'init-local' at Mon, 28 Oct 2019 20:44:36 +0000. Up 7.57 seconds.
>>>>>>> master
[[0;32m  OK  [0m] Started Initial cloud-init job (pre-networking).
[[0;32m  OK  [0m] Reached target Network (Pre).
         Starting Network Service...
[[0;32m  OK  [0m] Started Network Service.
<<<<<<< HEAD
         Starting Network Name Resolution...
         Starting Wait for Network to be Configured...
[[0;32m  OK  [0m] Started Network Name Resolution.
[[0;32m  OK  [0m] Reached target Host and Network Name Lookups.
[[0;32m  OK  [0m] Reached target Network.
[[0;32m  OK  [0m] Started Wait for Network to be Configured.
         Starting Initial cloud-init job (metadata service crawler)...
[    9.703154] cloud-init[730]: Cloud-init v. 19.2-24-ge7881d5c-0ubuntu1~18.04.1 running 'init' at Mon, 28 Oct 2019 19:52:15 +0000. Up 9.42 seconds.
[    9.712208] cloud-init[730]: ci-info: ++++++++++++++++++++++++++++++++++++++Net device info++++++++++++++++++++++++++++++++++++++
[    9.724102] cloud-init[730]: ci-info: +--------+------+----------------------------+---------------+--------+-------------------+
[    9.736237] cloud-init[730]: ci-info: | Device |  Up  |          Address           |      Mask     | Scope  |     Hw-Address    |
[    9.737299] cloud-init[730]: ci-info: +--------+------+----------------------------+---------------+--------+-------------------+
[    9.748529] cloud-init[730]: ci-info: | enp0s3 | True |         10.0.2.15          | 255.255.255.0 | global | 02:ab:ce:93:e0:e3 |
[    9.760301] cloud-init[730]: ci-info: | enp0s3 | True | fe80::ab:ceff:fe93:e0e3/64 |       .       |  link  | 02:ab:ce:93:e0:e3 |
[    9.772205] cloud-init[730]: ci-info: |   lo   | True |         127.0.0.1          |   255.0.0.0   |  host  |         .         |
[    9.784542] cloud-init[730]: ci-info: |   lo   | True |          ::1/128           |       .       |  host  |         .         |
[    9.796097] cloud-init[730]: ci-info: +--------+------+----------------------------+---------------+--------+-------------------+
[    9.808785] cloud-init[730]: ci-info: ++++++++++++++++++++++++++++Route IPv4 info+++++++++++++++++++++++++++++
[    9.810925] cloud-init[730]: ci-info: +-------+-------------+----------+-----------------+-----------+-------+
[    9.812964] cloud-init[730]: ci-info: | Route | Destination | Gateway  |     Genmask     | Interface | Flags |
[    9.814659] cloud-init[730]: ci-info: +-------+-------------+----------+-----------------+-----------+-------+
[    9.816135] cloud-init[730]: ci-info: |   0   |   0.0.0.0   | 10.0.2.2 |     0.0.0.0     |   enp0s3  |   UG  |
[    9.817566] cloud-init[730]: ci-info: |   1   |   10.0.2.0  | 0.0.0.0  |  255.255.255.0  |   enp0s3  |   U   |
[    9.818962] cloud-init[730]: ci-info: |   2   |   10.0.2.2  | 0.0.0.0  | 255.255.255.255 |   enp0s3  |   UH  |
[    9.820298] cloud-init[730]: ci-info: +-------+-------------+----------+-----------------+-----------+-------+
[    9.821467] cloud-init[730]: ci-info: +++++++++++++++++++Route IPv6 info+++++++++++++++++++
[    9.822392] cloud-init[730]: ci-info: +-------+-------------+---------+-----------+-------+
[    9.823309] cloud-init[730]: ci-info: | Route | Destination | Gateway | Interface | Flags |
[    9.824427] cloud-init[730]: ci-info: +-------+-------------+---------+-----------+-------+
[    9.825521] cloud-init[730]: ci-info: |   1   |  fe80::/64  |    ::   |   enp0s3  |   U   |
[    9.827008] cloud-init[730]: ci-info: |   3   |    local    |    ::   |   enp0s3  |   U   |
[    9.844111] cloud-init[730]: ci-info: |   4   |   ff00::/8  |    ::   |   enp0s3  |   U   |
[    9.856557] cloud-init[730]: ci-info: +-------+-------------+---------+-----------+-------+
=======
         Starting Wait for Network to be Configured...
         Starting Network Name Resolution...
[[0;32m  OK  [0m] Started Network Name Resolution.
[[0;32m  OK  [0m] Reached target Network.
[[0;32m  OK  [0m] Reached target Host and Network Name Lookups.
[[0;32m  OK  [0m] Started Wait for Network to be Configured.
         Starting Initial cloud-init job (metadata service crawler)...
[   10.214840] cloud-init[729]: Cloud-init v. 19.2-24-ge7881d5c-0ubuntu1~18.04.1 running 'init' at Mon, 28 Oct 2019 20:44:38 +0000. Up 9.94 seconds.
[   10.224169] cloud-init[729]: ci-info: ++++++++++++++++++++++++++++++++++++++Net device info++++++++++++++++++++++++++++++++++++++
[   10.236181] cloud-init[729]: ci-info: +--------+------+----------------------------+---------------+--------+-------------------+
[   10.248384] cloud-init[729]: ci-info: | Device |  Up  |          Address           |      Mask     | Scope  |     Hw-Address    |
[   10.251147] cloud-init[729]: ci-info: +--------+------+----------------------------+---------------+--------+-------------------+
[   10.252784] cloud-init[729]: ci-info: | enp0s3 | True |         10.0.2.15          | 255.255.255.0 | global | 02:ab:ce:93:e0:e3 |
[   10.254934] cloud-init[729]: ci-info: | enp0s3 | True | fe80::ab:ceff:fe93:e0e3/64 |       .       |  link  | 02:ab:ce:93:e0:e3 |
[   10.268581] cloud-init[729]: ci-info: |   lo   | True |         127.0.0.1          |   255.0.0.0   |  host  |         .         |
[   10.280156] cloud-init[729]: ci-info: |   lo   | True |          ::1/128           |       .       |  host  |         .         |
[   10.292474] cloud-init[729]: ci-info: +--------+------+----------------------------+---------------+--------+-------------------+
[   10.293359] cloud-init[729]: ci-info: ++++++++++++++++++++++++++++Route IPv4 info+++++++++++++++++++++++++++++
[   10.304499] cloud-init[729]: ci-info: +-------+-------------+----------+-----------------+-----------+-------+
[   10.316273] cloud-init[729]: ci-info: | Route | Destination | Gateway  |     Genmask     | Interface | Flags |
[   10.328352] cloud-init[729]: ci-info: +-------+-------------+----------+-----------------+-----------+-------+
[   10.340388] cloud-init[729]: ci-info: |   0   |   0.0.0.0   | 10.0.2.2 |     0.0.0.0     |   enp0s3  |   UG  |
[   10.352240] cloud-init[729]: ci-info: |   1   |   10.0.2.0  | 0.0.0.0  |  255.255.255.0  |   enp0s3  |   U   |
[   10.364643] cloud-init[729]: ci-info: |   2   |   10.0.2.2  | 0.0.0.0  | 255.255.255.255 |   enp0s3  |   UH  |
[   10.376538] cloud-init[729]: ci-info: +-------+-------------+----------+-----------------+-----------+-------+
[   10.388455] cloud-init[729]: ci-info: +++++++++++++++++++Route IPv6 info+++++++++++++++++++
[   10.389063] cloud-init[729]: ci-info: +-------+-------------+---------+-----------+-------+
[   10.389537] cloud-init[729]: ci-info: | Route | Destination | Gateway | Interface | Flags |
[   10.390445] cloud-init[729]: ci-info: +-------+-------------+---------+-----------+-------+
[   10.391417] cloud-init[729]: ci-info: |   1   |  fe80::/64  |    ::   |   enp0s3  |   U   |
[   10.392423] cloud-init[729]: ci-info: |   3   |    local    |    ::   |   enp0s3  |   U   |
[   10.396337] cloud-init[729]: ci-info: |   4   |   ff00::/8  |    ::   |   enp0s3  |   U   |
[   10.397295] cloud-init[729]: ci-info: +-------+-------------+---------+-----------+-------+
>>>>>>> master
[[0;32m  OK  [0m] Started Initial cloud-init job (metadata service crawler).
[[0;32m  OK  [0m] Reached target Network is Online.
         Starting Availability of block devices...
[[0;32m  OK  [0m] Reached target Remote File Systems (Pre).
[[0;32m  OK  [0m] Reached target Remote File Systems.
<<<<<<< HEAD
[[0;32m  OK  [0m] Reached target System Initialization.
[[0;32m  OK  [0m] Listening on UUID daemon activation socket.
[[0;32m  OK  [0m] Started Message of the Day.
[[0;32m  OK  [0m] Listening on Open-iSCSI iscsid Socket.
[[0;32m  OK  [0m] Started Daily Cleanup of Temporary Directories.
[[0;32m  OK  [0m] Listening on ACPID Listen Socket.
         Starting Socket activation for snappy daemon.
[[0;32m  OK  [0m] Started Daily apt download activities.
[[0;32m  OK  [0m] Started Daily apt upgrade and clean activities.
         Starting LXD - unix socket.
[[0;32m  OK  [0m] Listening on D-Bus System Message Bus Socket.
[[0;32m  OK  [0m] Started Discard unused blocks once a week.
[[0;32m  OK  [0m] Reached target Timers.
[[0;32m  OK  [0m] Started ACPI Events Check.
[[0;32m  OK  [0m] Reached target Paths.
[[0;32m  OK  [0m] Reached target Cloud-config availability.
[[0;32m  OK  [0m] Started Availability of block devices.
[[0;32m  OK  [0m] Listening on Socket activation for snappy daemon.
[[0;32m  OK  [0m] Listening on LXD - unix socket.
[[0;32m  OK  [0m] Reached target Sockets.
[[0;32m  OK  [0m] Reached target Basic System.
         Starting LSB: Record successful boot for GRUB...
         Starting Virtualbox guest utils...
         Starting Dispatcher daemon for systemd-networkd...
         Starting Accounts Service...
         Starting LSB: automatic crash report generation...
         Starting System Logging Service...
[[0;32m  OK  [0m] Started Regular background program processing daemon.
         Starting Permit User Sessions...
         Starting Login Service...
[[0;32m  OK  [0m] Started D-Bus System Message Bus.
         Starting OpenBSD Secure Shell server...
[[0;32m  OK  [0m] Started FUSE filesystem for LXC.
         Starting LXD - container startup/shutdown...
[[0;32m  OK  [0m] Started Deferred execution scheduler.
[[0;32m  OK  [0m] Started irqbalance daemon.
         Starting Snappy daemon...
[[0;32m  OK  [0m] Started System Logging Service.
[[0;32m  OK  [0m] Started Permit User Sessions.
[[0;32m  OK  [0m] Started OpenBSD Secure Shell server.
[[0;32m  OK  [0m] Started Login Service.
[[0;32m  OK  [0m] Started Unattended Upgrades Shutdown.
         Starting Authorization Manager...
=======
[[0;32m  OK  [0m] Reached target Cloud-config availability.
[[0;32m  OK  [0m] Reached target System Initialization.
         Starting LXD - unix socket.
[[0;32m  OK  [0m] Started ACPI Events Check.
[[0;32m  OK  [0m] Started Daily Cleanup of Temporary Directories.
[[0;32m  OK  [0m] Listening on D-Bus System Message Bus Socket.
[[0;32m  OK  [0m] Started Daily apt download activities.
[[0;32m  OK  [0m] Started Daily apt upgrade and clean activities.
[[0;32m  OK  [0m] Started Discard unused blocks once a week.
[[0;32m  OK  [0m] Started Message of the Day.
[[0;32m  OK  [0m] Reached target Timers.
[[0;32m  OK  [0m] Reached target Paths.
[[0;32m  OK  [0m] Listening on ACPID Listen Socket.
[[0;32m  OK  [0m] Listening on UUID daemon activation socket.
[[0;32m  OK  [0m] Listening on Open-iSCSI iscsid Socket.
         Starting Socket activation for snappy daemon.
[[0;32m  OK  [0m] Started Availability of block devices.
[[0;32m  OK  [0m] Listening on LXD - unix socket.
[[0;32m  OK  [0m] Listening on Socket activation for snappy daemon.
[[0;32m  OK  [0m] Reached target Sockets.
[[0;32m  OK  [0m] Reached target Basic System.
         Starting Permit User Sessions...
[[0;32m  OK  [0m] Started FUSE filesystem for LXC.
         Starting Login Service...
[[0;32m  OK  [0m] Started D-Bus System Message Bus.
         Starting Accounts Service...
         Starting Snappy daemon...
         Starting LSB: Record successful boot for GRUB...
         Starting Dispatcher daemon for systemd-networkd...
         Starting LSB: automatic crash report generation...
[[0;32m  OK  [0m] Started Deferred execution scheduler.
         Starting LXD - container startup/shutdown...
[[0;32m  OK  [0m] Started irqbalance daemon.
         Starting Virtualbox guest utils...
         Starting System Logging Service...
[[0;32m  OK  [0m] Started Regular background program processing daemon.
         Starting OpenBSD Secure Shell server...
[[0;32m  OK  [0m] Started Permit User Sessions.
[[0;32m  OK  [0m] Started Login Service.
[[0;32m  OK  [0m] Started System Logging Service.
         Starting Authorization Manager...
[[0;32m  OK  [0m] Started Unattended Upgrades Shutdown.
>>>>>>> master
         Starting Hold until boot process finishes up...
         Starting Terminate Plymouth Boot Screen...
[[0;32m  OK  [0m] Started Hold until boot process finishes up.
[[0;32m  OK  [0m] Started Terminate Plymouth Boot Screen.
<<<<<<< HEAD
[[0;32m  OK  [0m] Started Serial Getty on ttyS0.
         Starting Set console scheme...
[[0;32m  OK  [0m] Started LXD - container startup/shutdown.
=======
         Starting Set console scheme...
[[0;32m  OK  [0m] Started Serial Getty on ttyS0.
[[0;32m  OK  [0m] Started OpenBSD Secure Shell server.
[[0;32m  OK  [0m] Started Authorization Manager.
[[0;32m  OK  [0m] Started Accounts Service.
>>>>>>> master
[[0;32m  OK  [0m] Started Set console scheme.
[[0;32m  OK  [0m] Created slice system-getty.slice.
[[0;32m  OK  [0m] Started Getty on tty1.
[[0;32m  OK  [0m] Reached target Login Prompts.
[[0;32m  OK  [0m] Started LSB: Record successful boot for GRUB.
<<<<<<< HEAD
[[0;32m  OK  [0m] Started Authorization Manager.
[[0;32m  OK  [0m] Started LSB: automatic crash report generation.
[[0;32m  OK  [0m] Started Accounts Service.
[[0;32m  OK  [0m] Started Dispatcher daemon for systemd-networkd.
[[0;32m  OK  [0m] Started Virtualbox guest utils.
[[0;32m  OK  [0m] Started Snappy daemon.
         Starting Wait until snapd is fully seeded...
[[0;32m  OK  [0m] Started Wait until snapd is fully seeded.
[[0;32m  OK  [0m] Reached target Multi-User System.
[[0;32m  OK  [0m] Reached target Graphical Interface.
         Starting Update UTMP about System Runlevel Changes...
         Starting Apply the settings specified in cloud-config...
[[0;32m  OK  [0m] Started Update UTMP about System Runlevel Changes.
[   11.413701] cloud-init[1065]: Cloud-init v. 19.2-24-ge7881d5c-0ubuntu1~18.04.1 running 'modules:config' at Mon, 28 Oct 2019 19:52:17 +0000. Up 11.29 seconds.
[[0;32m  OK  [0m] Started Apply the settings specified in cloud-config.
         Starting Execute cloud user/final scripts...
[   12.000592] cloud-init[1088]: Cloud-init v. 19.2-24-ge7881d5c-0ubuntu1~18.04.1 running 'modules:final' at Mon, 28 Oct 2019 19:52:17 +0000. Up 11.87 seconds.
[   12.012502] cloud-init[1088]: Cloud-init v. 19.2-24-ge7881d5c-0ubuntu1~18.04.1 finished at Mon, 28 Oct 2019 19:52:17 +0000. Datasource DataSourceNoCloud [seed=/dev/sdb][dsmode=net].  Up 11.99 seconds
=======
[[0;32m  OK  [0m] Started LSB: automatic crash report generation.
[[0;32m  OK  [0m] Started Snappy daemon.
         Starting Wait until snapd is fully seeded...
[[0;32m  OK  [0m] Started Virtualbox guest utils.
[[0;32m  OK  [0m] Started LXD - container startup/shutdown.
[[0;32m  OK  [0m] Started Wait until snapd is fully seeded.
         Starting Apply the settings specified in cloud-config...
[[0;32m  OK  [0m] Started Dispatcher daemon for systemd-networkd.
[[0;32m  OK  [0m] Reached target Multi-User System.
[[0;32m  OK  [0m] Reached target Graphical Interface.
         Starting Update UTMP about System Runlevel Changes...
[[0;32m  OK  [0m] Started Update UTMP about System Runlevel Changes.
[   11.970630] cloud-init[1025]: Cloud-init v. 19.2-24-ge7881d5c-0ubuntu1~18.04.1 running 'modules:config' at Mon, 28 Oct 2019 20:44:40 +0000. Up 11.77 seconds.
[[0;32m  OK  [0m] Started Apply the settings specified in cloud-config.
         Starting Execute cloud user/final scripts...
[[0;32m  OK  [0m] Created slice User Slice of vagrant.
         Starting User Manager for UID 1000...
[[0;32m  OK  [0m] Started Session 1 of user vagrant.
[[0;32m  OK  [0m] Started User Manager for UID 1000.
[   13.089946] cloud-init[1074]: Cloud-init v. 19.2-24-ge7881d5c-0ubuntu1~18.04.1 running 'modules:final' at Mon, 28 Oct 2019 20:44:41 +0000. Up 12.88 seconds.
[   13.092342] cloud-init[1074]: Cloud-init v. 19.2-24-ge7881d5c-0ubuntu1~18.04.1 finished at Mon, 28 Oct 2019 20:44:41 +0000. Datasource DataSourceNoCloud [seed=/dev/sdb][dsmode=net].  Up 13.07 seconds
>>>>>>> master
[[0;32m  OK  [0m] Started Execute cloud user/final scripts.
[[0;32m  OK  [0m] Reached target Cloud-init target.

Ubuntu 18.04.3 LTS ktu-mgmf-ubuntu-server-1804 ttyS0

ktu-mgmf-ubuntu-server-1804 login: 